2018-03-05 19:35:01,002 INFO 11236 [model] [35mSELECT VERSION() as `version`[39m (6ms)
2018-03-05 19:35:01,025 INFO 11236 [model] [35mSELECT 1+1 AS result[39m (5ms)
2018-03-05 19:35:01,027 INFO 11236 [model] [35mDROP TABLE IF EXISTS `users`;[39m (7ms)
2018-03-05 19:35:01,034 INFO 11236 [model] [35mDROP TABLE IF EXISTS `users`;[39m (2ms)
2018-03-05 19:35:01,184 INFO 11236 [model] [35mCREATE TABLE IF NOT EXISTS `users` (`id` INTEGER NOT NULL auto_increment , `name` VARCHAR(255), `created_at` DATETIME NOT NULL, `updated_at` DATETIME NOT NULL, PRIMARY KEY (`id`)) ENGINE=InnoDB;[39m (147ms)
2018-03-05 19:35:01,190 INFO 11236 [model] [35mSHOW INDEX FROM `users` FROM `egg`[39m (4ms)
2018-03-05 19:39:57,397 INFO 124 [model] [35mSELECT VERSION() as `version`[39m (5ms)
2018-03-05 19:39:57,419 INFO 124 [model] [35mSELECT 1+1 AS result[39m (4ms)
2018-03-05 19:39:57,496 INFO 124 [model] [35mDROP TABLE IF EXISTS `users`;[39m (81ms)
2018-03-05 19:39:57,502 INFO 124 [model] [35mDROP TABLE IF EXISTS `users`;[39m (2ms)
2018-03-05 19:39:57,629 INFO 124 [model] [35mCREATE TABLE IF NOT EXISTS `users` (`id` INTEGER NOT NULL auto_increment , `name` VARCHAR(255), `created_at` DATETIME NOT NULL, `updated_at` DATETIME NOT NULL, PRIMARY KEY (`id`)) ENGINE=InnoDB;[39m (123ms)
2018-03-05 19:39:57,637 INFO 124 [model] [35mSHOW INDEX FROM `users` FROM `egg`[39m (4ms)
2018-03-05 19:40:15,243 INFO 1548 [model] [35mSELECT VERSION() as `version`[39m (5ms)
2018-03-05 19:40:15,265 INFO 1548 [model] [35mSELECT 1+1 AS result[39m (4ms)
2018-03-05 19:40:15,321 INFO 1548 [model] [35mDROP TABLE IF EXISTS `users`;[39m (58ms)
2018-03-05 19:40:15,328 INFO 1548 [model] [35mDROP TABLE IF EXISTS `users`;[39m (3ms)
2018-03-05 19:40:15,464 INFO 1548 [model] [35mCREATE TABLE IF NOT EXISTS `users` (`id` INTEGER NOT NULL auto_increment , `name` VARCHAR(255), `created_at` DATETIME NOT NULL, `updated_at` DATETIME NOT NULL, PRIMARY KEY (`id`)) ENGINE=InnoDB;[39m (132ms)
2018-03-05 19:40:15,471 INFO 1548 [model] [35mSHOW INDEX FROM `users` FROM `egg`[39m (4ms)
2018-03-05 19:40:18,606 INFO 5428 [model] [35mSELECT VERSION() as `version`[39m (5ms)
2018-03-05 19:40:18,627 INFO 5428 [model] [35mSELECT 1+1 AS result[39m (3ms)
2018-03-05 19:40:18,680 INFO 5428 [model] [35mDROP TABLE IF EXISTS `users`;[39m (56ms)
2018-03-05 19:40:18,687 INFO 5428 [model] [35mDROP TABLE IF EXISTS `users`;[39m (2ms)
2018-03-05 19:40:18,814 INFO 5428 [model] [35mCREATE TABLE IF NOT EXISTS `users` (`id` INTEGER NOT NULL auto_increment , `name` VARCHAR(255), `created_at` DATETIME NOT NULL, `updated_at` DATETIME NOT NULL, PRIMARY KEY (`id`)) ENGINE=InnoDB;[39m (123ms)
2018-03-05 19:40:18,821 INFO 5428 [model] [35mSHOW INDEX FROM `users` FROM `egg`[39m (4ms)
2018-03-05 19:40:25,219 INFO 5784 [model] [35mSELECT VERSION() as `version`[39m (4ms)
2018-03-05 19:40:25,242 INFO 5784 [model] [35mSELECT 1+1 AS result[39m (4ms)
2018-03-05 19:40:25,298 INFO 5784 [model] [35mDROP TABLE IF EXISTS `users`;[39m (60ms)
2018-03-05 19:40:25,304 INFO 5784 [model] [35mDROP TABLE IF EXISTS `users`;[39m (2ms)
2018-03-05 19:40:25,415 INFO 5784 [model] [35mCREATE TABLE IF NOT EXISTS `users` (`id` INTEGER NOT NULL auto_increment , `name` VARCHAR(255), `created_at` DATETIME NOT NULL, `updated_at` DATETIME NOT NULL, PRIMARY KEY (`id`)) ENGINE=InnoDB;[39m (106ms)
2018-03-05 19:40:25,422 INFO 5784 [model] [35mSHOW INDEX FROM `users` FROM `egg`[39m (4ms)
2018-03-05 19:40:27,248 INFO 12688 [model] [35mSELECT VERSION() as `version`[39m (5ms)
2018-03-05 19:40:27,271 INFO 12688 [model] [35mSELECT 1+1 AS result[39m (4ms)
2018-03-05 19:40:27,325 INFO 12688 [model] [35mDROP TABLE IF EXISTS `users`;[39m (57ms)
2018-03-05 19:40:27,331 INFO 12688 [model] [35mDROP TABLE IF EXISTS `users`;[39m (2ms)
2018-03-05 19:40:27,442 INFO 12688 [model] [35mCREATE TABLE IF NOT EXISTS `users` (`id` INTEGER NOT NULL auto_increment , `name` VARCHAR(255), `created_at` DATETIME NOT NULL, `updated_at` DATETIME NOT NULL, PRIMARY KEY (`id`)) ENGINE=InnoDB;[39m (106ms)
2018-03-05 19:40:27,450 INFO 12688 [model] [35mSHOW INDEX FROM `users` FROM `egg`[39m (4ms)
2018-03-05 19:40:47,452 INFO 14092 [model] [35mSELECT VERSION() as `version`[39m (5ms)
2018-03-05 19:40:47,473 INFO 14092 [model] [35mSELECT 1+1 AS result[39m (3ms)
2018-03-05 19:40:47,543 INFO 14092 [model] [35mDROP TABLE IF EXISTS `users`;[39m (71ms)
2018-03-05 19:40:47,548 INFO 14092 [model] [35mDROP TABLE IF EXISTS `users`;[39m (3ms)
2018-03-05 19:40:47,667 INFO 14092 [model] [35mCREATE TABLE IF NOT EXISTS `users` (`id` INTEGER NOT NULL auto_increment , `name` VARCHAR(255), `created_at` DATETIME NOT NULL, `updated_at` DATETIME NOT NULL, PRIMARY KEY (`id`)) ENGINE=InnoDB;[39m (114ms)
2018-03-05 19:40:47,674 INFO 14092 [model] [35mSHOW INDEX FROM `users` FROM `egg`[39m (5ms)
2018-03-05 19:40:59,703 INFO 3820 [model] [35mSELECT VERSION() as `version`[39m (5ms)
2018-03-05 19:40:59,724 INFO 3820 [model] [35mSELECT 1+1 AS result[39m (3ms)
2018-03-05 19:40:59,792 INFO 3820 [model] [35mDROP TABLE IF EXISTS `users`;[39m (71ms)
2018-03-05 19:40:59,800 INFO 3820 [model] [35mDROP TABLE IF EXISTS `users`;[39m (2ms)
2018-03-05 19:40:59,917 INFO 3820 [model] [35mCREATE TABLE IF NOT EXISTS `users` (`id` INTEGER NOT NULL auto_increment , `name` VARCHAR(255), `created_at` DATETIME NOT NULL, `updated_at` DATETIME NOT NULL, PRIMARY KEY (`id`)) ENGINE=InnoDB;[39m (112ms)
2018-03-05 19:40:59,923 INFO 3820 [model] [35mSHOW INDEX FROM `users` FROM `egg`[39m (4ms)
2018-03-05 19:41:36,934 INFO 684 [model] [35mSELECT VERSION() as `version`[39m (5ms)
2018-03-05 19:41:36,958 INFO 684 [model] [35mSELECT 1+1 AS result[39m (4ms)
2018-03-05 19:41:37,025 INFO 684 [model] [35mDROP TABLE IF EXISTS `users`;[39m (71ms)
2018-03-05 19:41:37,032 INFO 684 [model] [35mDROP TABLE IF EXISTS `users`;[39m (2ms)
2018-03-05 19:41:37,150 INFO 684 [model] [35mCREATE TABLE IF NOT EXISTS `users` (`id` INTEGER NOT NULL auto_increment , `name` VARCHAR(255), `created_at` DATETIME NOT NULL, `updated_at` DATETIME NOT NULL, PRIMARY KEY (`id`)) ENGINE=InnoDB;[39m (113ms)
2018-03-05 19:41:37,157 INFO 684 [model] [35mSHOW INDEX FROM `users` FROM `egg`[39m (4ms)
2018-03-05 19:41:44,211 INFO 3980 [model] [35mSELECT VERSION() as `version`[39m (5ms)
2018-03-05 19:41:44,234 INFO 3980 [model] [35mSELECT 1+1 AS result[39m (4ms)
2018-03-05 19:41:44,300 INFO 3980 [model] [35mDROP TABLE IF EXISTS `users`;[39m (69ms)
2018-03-05 19:41:44,307 INFO 3980 [model] [35mDROP TABLE IF EXISTS `users`;[39m (4ms)
2018-03-05 19:41:44,442 INFO 3980 [model] [35mCREATE TABLE IF NOT EXISTS `users` (`id` INTEGER NOT NULL auto_increment , `name` VARCHAR(255), `created_at` DATETIME NOT NULL, `updated_at` DATETIME NOT NULL, PRIMARY KEY (`id`)) ENGINE=InnoDB;[39m (131ms)
2018-03-05 19:41:44,449 INFO 3980 [model] [35mSHOW INDEX FROM `users` FROM `egg`[39m (4ms)
2018-03-05 19:41:45,983 INFO 14108 [model] [35mSELECT VERSION() as `version`[39m (4ms)
2018-03-05 19:41:46,004 INFO 14108 [model] [35mSELECT 1+1 AS result[39m (4ms)
2018-03-05 19:41:46,110 INFO 14108 [model] [35mDROP TABLE IF EXISTS `users`;[39m (109ms)
2018-03-05 19:41:46,117 INFO 14108 [model] [35mDROP TABLE IF EXISTS `users`;[39m (3ms)
2018-03-05 19:41:46,235 INFO 14108 [model] [35mCREATE TABLE IF NOT EXISTS `users` (`id` INTEGER NOT NULL auto_increment , `name` VARCHAR(255), `created_at` DATETIME NOT NULL, `updated_at` DATETIME NOT NULL, PRIMARY KEY (`id`)) ENGINE=InnoDB;[39m (113ms)
2018-03-05 19:41:46,241 INFO 14108 [model] [35mSHOW INDEX FROM `users` FROM `egg`[39m (5ms)
2018-03-05 19:41:48,805 INFO 4320 [model] [35mSELECT VERSION() as `version`[39m (5ms)
2018-03-05 19:41:48,828 INFO 4320 [model] [35mSELECT 1+1 AS result[39m (2ms)
2018-03-05 19:41:48,877 INFO 4320 [model] [35mDROP TABLE IF EXISTS `users`;[39m (52ms)
2018-03-05 19:41:48,884 INFO 4320 [model] [35mDROP TABLE IF EXISTS `users`;[39m (3ms)
2018-03-05 19:41:49,010 INFO 4320 [model] [35mCREATE TABLE IF NOT EXISTS `users` (`id` INTEGER NOT NULL auto_increment , `name` VARCHAR(255), `created_at` DATETIME NOT NULL, `updated_at` DATETIME NOT NULL, PRIMARY KEY (`id`)) ENGINE=InnoDB;[39m (122ms)
2018-03-05 19:41:49,017 INFO 4320 [model] [35mSHOW INDEX FROM `users` FROM `egg`[39m (4ms)
2018-03-05 19:49:08,305 INFO 7248 [model] [35mSELECT VERSION() as `version`[39m (5ms)
2018-03-05 19:49:08,326 INFO 7248 [model] [35mSELECT 1+1 AS result[39m (3ms)
2018-03-05 19:49:08,396 INFO 7248 [model] [35mDROP TABLE IF EXISTS `users`;[39m (73ms)
2018-03-05 19:49:08,402 INFO 7248 [model] [35mDROP TABLE IF EXISTS `users`;[39m (3ms)
2018-03-05 19:49:08,575 INFO 7248 [model] [35mCREATE TABLE IF NOT EXISTS `users` (`id` INTEGER NOT NULL auto_increment , `name` VARCHAR(255), `created_at` DATETIME NOT NULL, `updated_at` DATETIME NOT NULL, PRIMARY KEY (`id`)) ENGINE=InnoDB;[39m (169ms)
2018-03-05 19:49:08,589 INFO 7248 [model] [35mSHOW INDEX FROM `users` FROM `egg`[39m (11ms)
2018-03-05 19:50:20,257 INFO 2244 [model] [35mSELECT VERSION() as `version`[39m (6ms)
2018-03-05 19:50:20,278 INFO 2244 [model] [35mSELECT 1+1 AS result[39m (4ms)
2018-03-05 19:50:20,347 INFO 2244 [model] [35mDROP TABLE IF EXISTS `users`;[39m (73ms)
2018-03-05 19:50:20,354 INFO 2244 [model] [35mDROP TABLE IF EXISTS `users`;[39m (3ms)
2018-03-05 19:50:20,490 INFO 2244 [model] [35mCREATE TABLE IF NOT EXISTS `users` (`id` INTEGER NOT NULL auto_increment , `name` VARCHAR(255), `created_at` DATETIME NOT NULL, `updated_at` DATETIME NOT NULL, PRIMARY KEY (`id`)) ENGINE=InnoDB;[39m (130ms)
2018-03-05 19:50:20,496 INFO 2244 [model] [35mSHOW INDEX FROM `users` FROM `egg`[39m (4ms)
2018-03-05 19:50:26,712 INFO 13176 [model] [35mSELECT VERSION() as `version`[39m (4ms)
2018-03-05 19:50:26,733 INFO 13176 [model] [35mSELECT 1+1 AS result[39m (4ms)
2018-03-05 19:50:26,805 INFO 13176 [model] [35mDROP TABLE IF EXISTS `users`;[39m (73ms)
2018-03-05 19:50:26,811 INFO 13176 [model] [35mDROP TABLE IF EXISTS `users`;[39m (2ms)
2018-03-05 19:50:26,931 INFO 13176 [model] [35mCREATE TABLE IF NOT EXISTS `users` (`id` INTEGER NOT NULL auto_increment , `name` VARCHAR(255), `created_at` DATETIME NOT NULL, `updated_at` DATETIME NOT NULL, PRIMARY KEY (`id`)) ENGINE=InnoDB;[39m (116ms)
2018-03-05 19:50:26,938 INFO 13176 [model] [35mSHOW INDEX FROM `users` FROM `egg`[39m (4ms)
2018-03-05 19:50:54,563 INFO 5344 [model] [35mSELECT VERSION() as `version`[39m (6ms)
2018-03-05 19:50:54,584 INFO 5344 [model] [35mSELECT 1+1 AS result[39m (5ms)
2018-03-05 19:50:54,656 INFO 5344 [model] [35mDROP TABLE IF EXISTS `users`;[39m (75ms)
2018-03-05 19:50:54,662 INFO 5344 [model] [35mDROP TABLE IF EXISTS `users`;[39m (2ms)
2018-03-05 19:50:54,790 INFO 5344 [model] [35mCREATE TABLE IF NOT EXISTS `users` (`id` INTEGER NOT NULL auto_increment , `name` VARCHAR(255), `created_at` DATETIME NOT NULL, `updated_at` DATETIME NOT NULL, PRIMARY KEY (`id`)) ENGINE=InnoDB;[39m (124ms)
2018-03-05 19:50:54,797 INFO 5344 [model] [35mSHOW INDEX FROM `users` FROM `egg`[39m (4ms)
2018-03-05 19:52:15,054 INFO 14088 [model] [35mSELECT VERSION() as `version`[39m (5ms)
2018-03-05 19:52:15,076 INFO 14088 [model] [35mSELECT 1+1 AS result[39m (4ms)
2018-03-05 19:52:15,139 INFO 14088 [model] [35mDROP TABLE IF EXISTS `users`;[39m (66ms)
2018-03-05 19:52:15,145 INFO 14088 [model] [35mDROP TABLE IF EXISTS `users`;[39m (2ms)
2018-03-05 19:52:15,265 INFO 14088 [model] [35mCREATE TABLE IF NOT EXISTS `users` (`id` INTEGER NOT NULL auto_increment , `name` VARCHAR(255), `created_at` DATETIME NOT NULL, `updated_at` DATETIME NOT NULL, PRIMARY KEY (`id`)) ENGINE=InnoDB;[39m (114ms)
2018-03-05 19:52:15,272 INFO 14088 [model] [35mSHOW INDEX FROM `users` FROM `egg`[39m (5ms)
2018-03-05 19:52:17,088 INFO 3116 [model] [35mSELECT VERSION() as `version`[39m (5ms)
2018-03-05 19:52:17,108 INFO 3116 [model] [35mSELECT 1+1 AS result[39m (3ms)
2018-03-05 19:52:17,155 INFO 3116 [model] [35mDROP TABLE IF EXISTS `users`;[39m (49ms)
2018-03-05 19:52:17,161 INFO 3116 [model] [35mDROP TABLE IF EXISTS `users`;[39m (2ms)
2018-03-05 19:52:17,298 INFO 3116 [model] [35mCREATE TABLE IF NOT EXISTS `users` (`id` INTEGER NOT NULL auto_increment , `name` VARCHAR(255), `created_at` DATETIME NOT NULL, `updated_at` DATETIME NOT NULL, PRIMARY KEY (`id`)) ENGINE=InnoDB;[39m (132ms)
2018-03-05 19:52:17,304 INFO 3116 [model] [35mSHOW INDEX FROM `users` FROM `egg`[39m (4ms)
2018-03-05 19:52:19,475 INFO 6344 [model] [35mSELECT VERSION() as `version`[39m (6ms)
2018-03-05 19:52:19,496 INFO 6344 [model] [35mSELECT 1+1 AS result[39m (3ms)
2018-03-05 19:52:19,540 INFO 6344 [model] [35mDROP TABLE IF EXISTS `users`;[39m (46ms)
2018-03-05 19:52:19,546 INFO 6344 [model] [35mDROP TABLE IF EXISTS `users`;[39m (2ms)
2018-03-05 19:52:19,675 INFO 6344 [model] [35mCREATE TABLE IF NOT EXISTS `users` (`id` INTEGER NOT NULL auto_increment , `name` VARCHAR(255), `created_at` DATETIME NOT NULL, `updated_at` DATETIME NOT NULL, PRIMARY KEY (`id`)) ENGINE=InnoDB;[39m (125ms)
2018-03-05 19:52:19,682 INFO 6344 [model] [35mSHOW INDEX FROM `users` FROM `egg`[39m (4ms)
2018-03-05 19:52:21,212 INFO 13712 [model] [35mSELECT VERSION() as `version`[39m (5ms)
2018-03-05 19:52:21,234 INFO 13712 [model] [35mSELECT 1+1 AS result[39m (3ms)
2018-03-05 19:52:21,282 INFO 13712 [model] [35mDROP TABLE IF EXISTS `users`;[39m (50ms)
2018-03-05 19:52:21,290 INFO 13712 [model] [35mDROP TABLE IF EXISTS `users`;[39m (3ms)
2018-03-05 19:52:21,416 INFO 13712 [model] [35mCREATE TABLE IF NOT EXISTS `users` (`id` INTEGER NOT NULL auto_increment , `name` VARCHAR(255), `created_at` DATETIME NOT NULL, `updated_at` DATETIME NOT NULL, PRIMARY KEY (`id`)) ENGINE=InnoDB;[39m (122ms)
2018-03-05 19:52:21,423 INFO 13712 [model] [35mSHOW INDEX FROM `users` FROM `egg`[39m (5ms)
2018-03-05 19:52:28,181 INFO 9316 [model] [35mSELECT VERSION() as `version`[39m (5ms)
2018-03-05 19:52:28,203 INFO 9316 [model] [35mSELECT 1+1 AS result[39m (3ms)
2018-03-05 19:52:28,250 INFO 9316 [model] [35mDROP TABLE IF EXISTS `users`;[39m (50ms)
2018-03-05 19:52:28,257 INFO 9316 [model] [35mDROP TABLE IF EXISTS `users`;[39m (3ms)
2018-03-05 19:52:28,375 INFO 9316 [model] [35mCREATE TABLE IF NOT EXISTS `users` (`id` INTEGER NOT NULL auto_increment , `name` VARCHAR(255), `created_at` DATETIME NOT NULL, `updated_at` DATETIME NOT NULL, PRIMARY KEY (`id`)) ENGINE=InnoDB;[39m (114ms)
2018-03-05 19:52:28,384 INFO 9316 [model] [35mSHOW INDEX FROM `users` FROM `egg`[39m (4ms)
2018-03-05 19:52:38,789 INFO 9248 [model] [35mSELECT VERSION() as `version`[39m (5ms)
2018-03-05 19:52:38,809 INFO 9248 [model] [35mSELECT 1+1 AS result[39m (2ms)
2018-03-05 19:52:38,882 INFO 9248 [model] [35mDROP TABLE IF EXISTS `users`;[39m (70ms)
2018-03-05 19:52:38,891 INFO 9248 [model] [35mDROP TABLE IF EXISTS `users`;[39m (6ms)
2018-03-05 19:52:39,041 INFO 9248 [model] [35mCREATE TABLE IF NOT EXISTS `users` (`id` INTEGER NOT NULL auto_increment , `name` VARCHAR(255), `created_at` DATETIME NOT NULL, `updated_at` DATETIME NOT NULL, PRIMARY KEY (`id`)) ENGINE=InnoDB;[39m (146ms)
2018-03-05 19:52:39,049 INFO 9248 [model] [35mSHOW INDEX FROM `users` FROM `egg`[39m (5ms)
2018-03-05 19:52:40,756 INFO 8000 [model] [35mSELECT VERSION() as `version`[39m (6ms)
2018-03-05 19:52:40,778 INFO 8000 [model] [35mSELECT 1+1 AS result[39m (4ms)
2018-03-05 19:52:40,825 INFO 8000 [model] [35mDROP TABLE IF EXISTS `users`;[39m (51ms)
2018-03-05 19:52:40,832 INFO 8000 [model] [35mDROP TABLE IF EXISTS `users`;[39m (3ms)
2018-03-05 19:52:41,076 INFO 8000 [model] [35mCREATE TABLE IF NOT EXISTS `users` (`id` INTEGER NOT NULL auto_increment , `name` VARCHAR(255), `created_at` DATETIME NOT NULL, `updated_at` DATETIME NOT NULL, PRIMARY KEY (`id`)) ENGINE=InnoDB;[39m (238ms)
2018-03-05 19:52:41,085 INFO 8000 [model] [35mSHOW INDEX FROM `users` FROM `egg`[39m (4ms)
2018-03-05 19:53:00,137 INFO 13280 [model] [35mSELECT VERSION() as `version`[39m (5ms)
2018-03-05 19:53:00,157 INFO 13280 [model] [35mSELECT 1+1 AS result[39m (3ms)
2018-03-05 19:53:00,225 INFO 13280 [model] [35mDROP TABLE IF EXISTS `users`;[39m (70ms)
2018-03-05 19:53:00,232 INFO 13280 [model] [35mDROP TABLE IF EXISTS `users`;[39m (2ms)
2018-03-05 19:53:00,359 INFO 13280 [model] [35mCREATE TABLE IF NOT EXISTS `users` (`id` INTEGER NOT NULL auto_increment , `name` VARCHAR(255), `created_at` DATETIME NOT NULL, `updated_at` DATETIME NOT NULL, PRIMARY KEY (`id`)) ENGINE=InnoDB;[39m (122ms)
2018-03-05 19:53:00,366 INFO 13280 [model] [35mSHOW INDEX FROM `users` FROM `egg`[39m (4ms)
2018-03-05 19:53:01,719 INFO 3688 [model] [35mSELECT VERSION() as `version`[39m (4ms)
2018-03-05 19:53:01,740 INFO 3688 [model] [35mSELECT 1+1 AS result[39m (4ms)
2018-03-05 19:53:01,793 INFO 3688 [model] [35mDROP TABLE IF EXISTS `users`;[39m (56ms)
2018-03-05 19:53:01,801 INFO 3688 [model] [35mDROP TABLE IF EXISTS `users`;[39m (4ms)
2018-03-05 19:53:01,944 INFO 3688 [model] [35mCREATE TABLE IF NOT EXISTS `users` (`id` INTEGER NOT NULL auto_increment , `name` VARCHAR(255), `created_at` DATETIME NOT NULL, `updated_at` DATETIME NOT NULL, PRIMARY KEY (`id`)) ENGINE=InnoDB;[39m (140ms)
2018-03-05 19:53:01,950 INFO 3688 [model] [35mSHOW INDEX FROM `users` FROM `egg`[39m (4ms)
2018-03-05 20:07:59,759 INFO 14732 [model] [35mSELECT VERSION() as `version`[39m (6ms)
2018-03-05 20:07:59,781 INFO 14732 [model] [35mSELECT 1+1 AS result[39m (4ms)
2018-03-05 20:07:59,848 INFO 14732 [model] [35mDROP TABLE IF EXISTS `users`;[39m (70ms)
2018-03-05 20:07:59,854 INFO 14732 [model] [35mDROP TABLE IF EXISTS `users`;[39m (3ms)
2018-03-05 20:07:59,982 INFO 14732 [model] [35mCREATE TABLE IF NOT EXISTS `users` (`id` INTEGER NOT NULL auto_increment , `name` VARCHAR(255), `created_at` DATETIME NOT NULL, `updated_at` DATETIME NOT NULL, PRIMARY KEY (`id`)) ENGINE=InnoDB;[39m (124ms)
2018-03-05 20:07:59,989 INFO 14732 [model] [35mSHOW INDEX FROM `users` FROM `egg`[39m (5ms)
2018-03-05 20:08:01,487 INFO 6780 [model] [35mSELECT VERSION() as `version`[39m (5ms)
2018-03-05 20:08:01,509 INFO 6780 [model] [35mSELECT 1+1 AS result[39m (3ms)
2018-03-05 20:08:01,557 INFO 6780 [model] [35mDROP TABLE IF EXISTS `users`;[39m (50ms)
2018-03-05 20:08:01,563 INFO 6780 [model] [35mDROP TABLE IF EXISTS `users`;[39m (2ms)
2018-03-05 20:08:01,683 INFO 6780 [model] [35mCREATE TABLE IF NOT EXISTS `users` (`id` INTEGER NOT NULL auto_increment , `name` VARCHAR(255), `created_at` DATETIME NOT NULL, `updated_at` DATETIME NOT NULL, PRIMARY KEY (`id`)) ENGINE=InnoDB;[39m (115ms)
2018-03-05 20:08:01,692 INFO 6780 [model] [35mSHOW INDEX FROM `users` FROM `egg`[39m (4ms)
2018-03-05 20:08:03,262 INFO 13188 [model] [35mSELECT VERSION() as `version`[39m (6ms)
2018-03-05 20:08:03,286 INFO 13188 [model] [35mSELECT 1+1 AS result[39m (5ms)
2018-03-05 20:08:03,333 INFO 13188 [model] [35mDROP TABLE IF EXISTS `users`;[39m (52ms)
2018-03-05 20:08:03,341 INFO 13188 [model] [35mDROP TABLE IF EXISTS `users`;[39m (3ms)
2018-03-05 20:08:03,483 INFO 13188 [model] [35mCREATE TABLE IF NOT EXISTS `users` (`id` INTEGER NOT NULL auto_increment , `name` VARCHAR(255), `created_at` DATETIME NOT NULL, `updated_at` DATETIME NOT NULL, PRIMARY KEY (`id`)) ENGINE=InnoDB;[39m (137ms)
2018-03-05 20:08:03,490 INFO 13188 [model] [35mSHOW INDEX FROM `users` FROM `egg`[39m (4ms)
2018-03-05 20:10:31,369 INFO 12608 [model] [35mSELECT VERSION() as `version`[39m (4ms)
2018-03-05 20:10:31,393 INFO 12608 [model] [35mSELECT 1+1 AS result[39m (4ms)
2018-03-05 20:10:31,457 INFO 12608 [model] [35mDROP TABLE IF EXISTS `users`;[39m (67ms)
2018-03-05 20:10:31,463 INFO 12608 [model] [35mDROP TABLE IF EXISTS `users`;[39m (3ms)
2018-03-05 20:10:31,598 INFO 12608 [model] [35mCREATE TABLE IF NOT EXISTS `users` (`id` INTEGER NOT NULL auto_increment , `name` VARCHAR(255), `created_at` DATETIME NOT NULL, `updated_at` DATETIME NOT NULL, PRIMARY KEY (`id`)) ENGINE=InnoDB;[39m (131ms)
2018-03-05 20:10:31,605 INFO 12608 [model] [35mSHOW INDEX FROM `users` FROM `egg`[39m (4ms)
2018-03-05 20:10:33,487 INFO 6540 [model] [35mSELECT VERSION() as `version`[39m (5ms)
2018-03-05 20:10:33,508 INFO 6540 [model] [35mSELECT 1+1 AS result[39m (3ms)
2018-03-05 20:10:33,556 INFO 6540 [model] [35mDROP TABLE IF EXISTS `users`;[39m (50ms)
2018-03-05 20:10:33,562 INFO 6540 [model] [35mDROP TABLE IF EXISTS `users`;[39m (2ms)
2018-03-05 20:10:33,707 INFO 6540 [model] [35mCREATE TABLE IF NOT EXISTS `users` (`id` INTEGER NOT NULL auto_increment , `name` VARCHAR(255), `created_at` DATETIME NOT NULL, `updated_at` DATETIME NOT NULL, PRIMARY KEY (`id`)) ENGINE=InnoDB;[39m (141ms)
2018-03-05 20:10:33,717 INFO 6540 [model] [35mSHOW INDEX FROM `users` FROM `egg`[39m (6ms)
2018-03-05 20:10:37,579 INFO 14620 [model] [35mSELECT VERSION() as `version`[39m (4ms)
2018-03-05 20:10:37,599 INFO 14620 [model] [35mSELECT 1+1 AS result[39m (3ms)
2018-03-05 20:10:37,666 INFO 14620 [model] [35mDROP TABLE IF EXISTS `users`;[39m (70ms)
2018-03-05 20:10:37,672 INFO 14620 [model] [35mDROP TABLE IF EXISTS `users`;[39m (2ms)
2018-03-05 20:10:37,817 INFO 14620 [model] [35mCREATE TABLE IF NOT EXISTS `users` (`id` INTEGER NOT NULL auto_increment , `name` VARCHAR(255), `created_at` DATETIME NOT NULL, `updated_at` DATETIME NOT NULL, PRIMARY KEY (`id`)) ENGINE=InnoDB;[39m (140ms)
2018-03-05 20:10:37,824 INFO 14620 [model] [35mSHOW INDEX FROM `users` FROM `egg`[39m (4ms)
2018-03-05 20:10:39,288 INFO 10292 [model] [35mSELECT VERSION() as `version`[39m (5ms)
2018-03-05 20:10:39,309 INFO 10292 [model] [35mSELECT 1+1 AS result[39m (3ms)
2018-03-05 20:10:39,358 INFO 10292 [model] [35mDROP TABLE IF EXISTS `users`;[39m (52ms)
2018-03-05 20:10:39,364 INFO 10292 [model] [35mDROP TABLE IF EXISTS `users`;[39m (2ms)
2018-03-05 20:10:39,492 INFO 10292 [model] [35mCREATE TABLE IF NOT EXISTS `users` (`id` INTEGER NOT NULL auto_increment , `name` VARCHAR(255), `created_at` DATETIME NOT NULL, `updated_at` DATETIME NOT NULL, PRIMARY KEY (`id`)) ENGINE=InnoDB;[39m (122ms)
2018-03-05 20:10:39,498 INFO 10292 [model] [35mSHOW INDEX FROM `users` FROM `egg`[39m (4ms)
2018-03-05 20:10:41,882 INFO 9396 [model] [35mSELECT VERSION() as `version`[39m (6ms)
2018-03-05 20:10:41,907 INFO 9396 [model] [35mSELECT 1+1 AS result[39m (4ms)
2018-03-05 20:10:41,959 INFO 9396 [model] [35mDROP TABLE IF EXISTS `users`;[39m (55ms)
2018-03-05 20:10:41,965 INFO 9396 [model] [35mDROP TABLE IF EXISTS `users`;[39m (2ms)
2018-03-05 20:10:42,091 INFO 9396 [model] [35mCREATE TABLE IF NOT EXISTS `users` (`id` INTEGER NOT NULL auto_increment , `name` VARCHAR(255), `created_at` DATETIME NOT NULL, `updated_at` DATETIME NOT NULL, PRIMARY KEY (`id`)) ENGINE=InnoDB;[39m (121ms)
2018-03-05 20:10:42,097 INFO 9396 [model] [35mSHOW INDEX FROM `users` FROM `egg`[39m (4ms)
2018-03-05 20:10:43,617 INFO 6712 [model] [35mSELECT VERSION() as `version`[39m (7ms)
2018-03-05 20:10:43,640 INFO 6712 [model] [35mSELECT 1+1 AS result[39m (4ms)
2018-03-05 20:10:43,693 INFO 6712 [model] [35mDROP TABLE IF EXISTS `users`;[39m (56ms)
2018-03-05 20:10:43,700 INFO 6712 [model] [35mDROP TABLE IF EXISTS `users`;[39m (3ms)
2018-03-05 20:10:43,826 INFO 6712 [model] [35mCREATE TABLE IF NOT EXISTS `users` (`id` INTEGER NOT NULL auto_increment , `name` VARCHAR(255), `created_at` DATETIME NOT NULL, `updated_at` DATETIME NOT NULL, PRIMARY KEY (`id`)) ENGINE=InnoDB;[39m (122ms)
2018-03-05 20:10:43,833 INFO 6712 [model] [35mSHOW INDEX FROM `users` FROM `egg`[39m (5ms)
2018-03-05 20:10:45,760 INFO 14764 [model] [35mSELECT VERSION() as `version`[39m (5ms)
2018-03-05 20:10:45,780 INFO 14764 [model] [35mSELECT 1+1 AS result[39m (4ms)
2018-03-05 20:10:45,835 INFO 14764 [model] [35mDROP TABLE IF EXISTS `users`;[39m (57ms)
2018-03-05 20:10:45,842 INFO 14764 [model] [35mDROP TABLE IF EXISTS `users`;[39m (3ms)
2018-03-05 20:10:45,970 INFO 14764 [model] [35mCREATE TABLE IF NOT EXISTS `users` (`id` INTEGER NOT NULL auto_increment , `name` VARCHAR(255), `created_at` DATETIME NOT NULL, `updated_at` DATETIME NOT NULL, PRIMARY KEY (`id`)) ENGINE=InnoDB;[39m (123ms)
2018-03-05 20:10:45,976 INFO 14764 [model] [35mSHOW INDEX FROM `users` FROM `egg`[39m (4ms)
2018-03-05 20:11:00,259 INFO 14580 [model] [35mSELECT VERSION() as `version`[39m (5ms)
2018-03-05 20:11:00,280 INFO 14580 [model] [35mSELECT 1+1 AS result[39m (3ms)
2018-03-05 20:11:00,353 INFO 14580 [model] [35mDROP TABLE IF EXISTS `users`;[39m (76ms)
2018-03-05 20:11:00,359 INFO 14580 [model] [35mDROP TABLE IF EXISTS `users`;[39m (2ms)
2018-03-05 20:11:00,486 INFO 14580 [model] [35mCREATE TABLE IF NOT EXISTS `users` (`id` INTEGER NOT NULL auto_increment , `name` VARCHAR(255), `created_at` DATETIME NOT NULL, `updated_at` DATETIME NOT NULL, PRIMARY KEY (`id`)) ENGINE=InnoDB;[39m (123ms)
2018-03-05 20:11:00,494 INFO 14580 [model] [35mSHOW INDEX FROM `users` FROM `egg`[39m (6ms)
2018-03-05 20:11:13,716 INFO 10144 [model] [35mSELECT VERSION() as `version`[39m (5ms)
2018-03-05 20:11:13,736 INFO 10144 [model] [35mSELECT 1+1 AS result[39m (4ms)
2018-03-05 20:11:13,795 INFO 10144 [model] [35mDROP TABLE IF EXISTS `users`;[39m (62ms)
2018-03-05 20:11:13,801 INFO 10144 [model] [35mDROP TABLE IF EXISTS `users`;[39m (2ms)
2018-03-05 20:11:13,929 INFO 10144 [model] [35mCREATE TABLE IF NOT EXISTS `users` (`id` INTEGER NOT NULL auto_increment , `name` VARCHAR(255), `created_at` DATETIME NOT NULL, `updated_at` DATETIME NOT NULL, PRIMARY KEY (`id`)) ENGINE=InnoDB;[39m (121ms)
2018-03-05 20:11:13,935 INFO 10144 [model] [35mSHOW INDEX FROM `users` FROM `egg`[39m (4ms)
2018-03-05 20:11:15,357 INFO 15352 [model] [35mSELECT VERSION() as `version`[39m (6ms)
2018-03-05 20:11:15,376 INFO 15352 [model] [35mSELECT 1+1 AS result[39m (2ms)
2018-03-05 20:11:15,429 INFO 15352 [model] [35mDROP TABLE IF EXISTS `users`;[39m (49ms)
2018-03-05 20:11:15,436 INFO 15352 [model] [35mDROP TABLE IF EXISTS `users`;[39m (3ms)
2018-03-05 20:11:15,638 INFO 15352 [model] [35mCREATE TABLE IF NOT EXISTS `users` (`id` INTEGER NOT NULL auto_increment , `name` VARCHAR(255), `created_at` DATETIME NOT NULL, `updated_at` DATETIME NOT NULL, PRIMARY KEY (`id`)) ENGINE=InnoDB;[39m (198ms)
2018-03-05 20:11:15,646 INFO 15352 [model] [35mSHOW INDEX FROM `users` FROM `egg`[39m (5ms)
2018-03-05 20:11:17,296 INFO 15196 [model] [35mSELECT VERSION() as `version`[39m (4ms)
2018-03-05 20:11:17,317 INFO 15196 [model] [35mSELECT 1+1 AS result[39m (3ms)
2018-03-05 20:11:17,363 INFO 15196 [model] [35mDROP TABLE IF EXISTS `users`;[39m (49ms)
2018-03-05 20:11:17,371 INFO 15196 [model] [35mDROP TABLE IF EXISTS `users`;[39m (4ms)
2018-03-05 20:11:17,513 INFO 15196 [model] [35mCREATE TABLE IF NOT EXISTS `users` (`id` INTEGER NOT NULL auto_increment , `name` VARCHAR(255), `created_at` DATETIME NOT NULL, `updated_at` DATETIME NOT NULL, PRIMARY KEY (`id`)) ENGINE=InnoDB;[39m (139ms)
2018-03-05 20:11:17,521 INFO 15196 [model] [35mSHOW INDEX FROM `users` FROM `egg`[39m (5ms)
2018-03-05 20:11:32,302 INFO 1740 [model] [35mSELECT VERSION() as `version`[39m (5ms)
2018-03-05 20:11:32,324 INFO 1740 [model] [35mSELECT 1+1 AS result[39m (4ms)
2018-03-05 20:11:32,387 INFO 1740 [model] [35mDROP TABLE IF EXISTS `users`;[39m (66ms)
2018-03-05 20:11:32,395 INFO 1740 [model] [35mDROP TABLE IF EXISTS `users`;[39m (4ms)
2018-03-05 20:11:32,546 INFO 1740 [model] [35mCREATE TABLE IF NOT EXISTS `users` (`id` INTEGER NOT NULL auto_increment , `name` VARCHAR(255), `created_at` DATETIME NOT NULL, `updated_at` DATETIME NOT NULL, PRIMARY KEY (`id`)) ENGINE=InnoDB;[39m (148ms)
2018-03-05 20:11:32,553 INFO 1740 [model] [35mSHOW INDEX FROM `users` FROM `egg`[39m (4ms)
2018-03-05 20:20:43,271 INFO 7092 [model] [35mSELECT VERSION() as `version`[39m (5ms)
2018-03-05 20:20:43,294 INFO 7092 [model] [35mSELECT 1+1 AS result[39m (4ms)
2018-03-05 20:20:43,364 INFO 7092 [model] [35mDROP TABLE IF EXISTS `users`;[39m (68ms)
2018-03-05 20:20:43,371 INFO 7092 [model] [35mDROP TABLE IF EXISTS `users`;[39m (3ms)
2018-03-05 20:20:43,481 INFO 7092 [model] [35mCREATE TABLE IF NOT EXISTS `users` (`id` INTEGER NOT NULL auto_increment , `name` VARCHAR(255), `created_at` DATETIME NOT NULL, `updated_at` DATETIME NOT NULL, PRIMARY KEY (`id`)) ENGINE=InnoDB;[39m (106ms)
2018-03-05 20:20:43,488 INFO 7092 [model] [35mSHOW INDEX FROM `users` FROM `egg`[39m (4ms)
2018-03-05 20:21:04,341 INFO 15264 [model] [35mSELECT VERSION() as `version`[39m (6ms)
2018-03-05 20:21:04,497 INFO 15264 [model] [35mSELECT 1+1 AS result[39m (2ms)
2018-03-05 20:21:04,574 INFO 15264 [model] [35mDROP TABLE IF EXISTS `users`;[39m (78ms)
2018-03-05 20:21:04,591 INFO 15264 [model] [35mDROP TABLE IF EXISTS `users`;[39m (5ms)
2018-03-05 20:21:04,787 INFO 15264 [model] [35mCREATE TABLE IF NOT EXISTS `users` (`id` INTEGER NOT NULL auto_increment , `name` VARCHAR(255), `created_at` DATETIME NOT NULL, `updated_at` DATETIME NOT NULL, PRIMARY KEY (`id`)) ENGINE=InnoDB;[39m (192ms)
2018-03-05 20:21:04,802 INFO 15264 [model] [35mSHOW INDEX FROM `users` FROM `egg`[39m (12ms)
2018-03-05 20:30:32,894 INFO 2948 [model] [35mSELECT VERSION() as `version`[39m (4ms)
2018-03-05 20:30:32,915 INFO 2948 [model] [35mSELECT 1+1 AS result[39m (3ms)
2018-03-05 20:30:32,990 INFO 2948 [model] [35mDROP TABLE IF EXISTS `users`;[39m (78ms)
2018-03-05 20:30:32,996 INFO 2948 [model] [35mDROP TABLE IF EXISTS `users`;[39m (3ms)
2018-03-05 20:30:33,141 INFO 2948 [model] [35mCREATE TABLE IF NOT EXISTS `users` (`id` INTEGER NOT NULL auto_increment , `name` VARCHAR(255), `created_at` DATETIME NOT NULL, `updated_at` DATETIME NOT NULL, PRIMARY KEY (`id`)) ENGINE=InnoDB;[39m (142ms)
2018-03-05 20:30:33,148 INFO 2948 [model] [35mSHOW INDEX FROM `users` FROM `egg`[39m (5ms)
2018-03-05 20:35:44,931 INFO 6984 [model] [35mSELECT VERSION() as `version`[39m (8ms)
2018-03-05 20:35:44,957 INFO 6984 [model] [35mSELECT 1+1 AS result[39m (4ms)
2018-03-05 20:35:45,028 INFO 6984 [model] [35mDROP TABLE IF EXISTS `users`;[39m (74ms)
2018-03-05 20:35:45,036 INFO 6984 [model] [35mDROP TABLE IF EXISTS `users`;[39m (4ms)
2018-03-05 20:35:45,153 INFO 6984 [model] [35mCREATE TABLE IF NOT EXISTS `users` (`id` INTEGER NOT NULL auto_increment , `name` VARCHAR(255), `created_at` DATETIME NOT NULL, `updated_at` DATETIME NOT NULL, PRIMARY KEY (`id`)) ENGINE=InnoDB;[39m (113ms)
2018-03-05 20:35:45,160 INFO 6984 [model] [35mSHOW INDEX FROM `users` FROM `egg`[39m (4ms)
2018-03-05 20:35:46,583 INFO 7492 [model] [35mSELECT VERSION() as `version`[39m (4ms)
2018-03-05 20:35:46,604 INFO 7492 [model] [35mSELECT 1+1 AS result[39m (3ms)
2018-03-05 20:35:46,654 INFO 7492 [model] [35mDROP TABLE IF EXISTS `users`;[39m (52ms)
2018-03-05 20:35:46,660 INFO 7492 [model] [35mDROP TABLE IF EXISTS `users`;[39m (3ms)
2018-03-05 20:35:46,781 INFO 7492 [model] [35mCREATE TABLE IF NOT EXISTS `users` (`id` INTEGER NOT NULL auto_increment , `name` VARCHAR(255), `created_at` DATETIME NOT NULL, `updated_at` DATETIME NOT NULL, PRIMARY KEY (`id`)) ENGINE=InnoDB;[39m (117ms)
2018-03-05 20:35:46,787 INFO 7492 [model] [35mSHOW INDEX FROM `users` FROM `egg`[39m (4ms)
2018-03-05 20:35:48,185 INFO 3196 [model] [35mSELECT VERSION() as `version`[39m (5ms)
2018-03-05 20:35:48,205 INFO 3196 [model] [35mSELECT 1+1 AS result[39m (3ms)
2018-03-05 20:35:48,255 INFO 3196 [model] [35mDROP TABLE IF EXISTS `users`;[39m (52ms)
2018-03-05 20:35:48,262 INFO 3196 [model] [35mDROP TABLE IF EXISTS `users`;[39m (2ms)
2018-03-05 20:35:48,422 INFO 3196 [model] [35mCREATE TABLE IF NOT EXISTS `users` (`id` INTEGER NOT NULL auto_increment , `name` VARCHAR(255), `created_at` DATETIME NOT NULL, `updated_at` DATETIME NOT NULL, PRIMARY KEY (`id`)) ENGINE=InnoDB;[39m (156ms)
2018-03-05 20:35:48,429 INFO 3196 [model] [35mSHOW INDEX FROM `users` FROM `egg`[39m (4ms)
2018-03-05 20:36:45,088 INFO 14496 [model] [35mSELECT VERSION() as `version`[39m (4ms)
2018-03-05 20:36:45,110 INFO 14496 [model] [35mSELECT 1+1 AS result[39m (3ms)
2018-03-05 20:36:45,173 INFO 14496 [model] [35mDROP TABLE IF EXISTS `users`;[39m (66ms)
2018-03-05 20:36:45,179 INFO 14496 [model] [35mDROP TABLE IF EXISTS `users`;[39m (2ms)
2018-03-05 20:36:45,298 INFO 14496 [model] [35mCREATE TABLE IF NOT EXISTS `users` (`id` INTEGER NOT NULL auto_increment , `name` VARCHAR(255), `created_at` DATETIME NOT NULL, `updated_at` DATETIME NOT NULL, PRIMARY KEY (`id`)) ENGINE=InnoDB;[39m (115ms)
2018-03-05 20:36:45,305 INFO 14496 [model] [35mSHOW INDEX FROM `users` FROM `egg`[39m (4ms)
2018-03-05 20:36:47,533 INFO 196 [model] [35mSELECT VERSION() as `version`[39m (5ms)
2018-03-05 20:36:47,552 INFO 196 [model] [35mSELECT 1+1 AS result[39m (3ms)
2018-03-05 20:36:47,607 INFO 196 [model] [35mDROP TABLE IF EXISTS `users`;[39m (57ms)
2018-03-05 20:36:47,613 INFO 196 [model] [35mDROP TABLE IF EXISTS `users`;[39m (2ms)
2018-03-05 20:36:47,765 INFO 196 [model] [35mCREATE TABLE IF NOT EXISTS `users` (`id` INTEGER NOT NULL auto_increment , `name` VARCHAR(255), `created_at` DATETIME NOT NULL, `updated_at` DATETIME NOT NULL, PRIMARY KEY (`id`)) ENGINE=InnoDB;[39m (148ms)
2018-03-05 20:36:47,771 INFO 196 [model] [35mSHOW INDEX FROM `users` FROM `egg`[39m (4ms)
2018-03-05 20:36:51,913 INFO 14704 [model] [35mSELECT VERSION() as `version`[39m (5ms)
2018-03-05 20:36:51,934 INFO 14704 [model] [35mSELECT 1+1 AS result[39m (3ms)
2018-03-05 20:36:51,998 INFO 14704 [model] [35mDROP TABLE IF EXISTS `users`;[39m (67ms)
2018-03-05 20:36:52,004 INFO 14704 [model] [35mDROP TABLE IF EXISTS `users`;[39m (2ms)
2018-03-05 20:36:52,149 INFO 14704 [model] [35mCREATE TABLE IF NOT EXISTS `users` (`id` INTEGER NOT NULL auto_increment , `name` VARCHAR(255), `created_at` DATETIME NOT NULL, `updated_at` DATETIME NOT NULL, PRIMARY KEY (`id`)) ENGINE=InnoDB;[39m (141ms)
2018-03-05 20:36:52,155 INFO 14704 [model] [35mSHOW INDEX FROM `users` FROM `egg`[39m (4ms)
2018-03-05 20:39:42,232 INFO 9520 [model] [35mSELECT VERSION() as `version`[39m (5ms)
2018-03-05 20:39:42,251 INFO 9520 [model] [35mSELECT 1+1 AS result[39m (2ms)
2018-03-05 20:39:42,321 INFO 9520 [model] [35mDROP TABLE IF EXISTS `users`;[39m (68ms)
2018-03-05 20:39:42,327 INFO 9520 [model] [35mDROP TABLE IF EXISTS `users`;[39m (2ms)
2018-03-05 20:39:42,439 INFO 9520 [model] [35mCREATE TABLE IF NOT EXISTS `users` (`id` INTEGER NOT NULL auto_increment , `name` VARCHAR(255), `created_at` DATETIME NOT NULL, `updated_at` DATETIME NOT NULL, PRIMARY KEY (`id`)) ENGINE=InnoDB;[39m (108ms)
2018-03-05 20:39:42,445 INFO 9520 [model] [35mSHOW INDEX FROM `users` FROM `egg`[39m (4ms)
2018-03-05 20:39:46,934 INFO 9412 [model] [35mSELECT VERSION() as `version`[39m (5ms)
2018-03-05 20:39:46,954 INFO 9412 [model] [35mSELECT 1+1 AS result[39m (3ms)
2018-03-05 20:39:47,022 INFO 9412 [model] [35mDROP TABLE IF EXISTS `users`;[39m (70ms)
2018-03-05 20:39:47,029 INFO 9412 [model] [35mDROP TABLE IF EXISTS `users`;[39m (3ms)
2018-03-05 20:39:47,148 INFO 9412 [model] [35mCREATE TABLE IF NOT EXISTS `users` (`id` INTEGER NOT NULL auto_increment , `name` VARCHAR(255), `created_at` DATETIME NOT NULL, `updated_at` DATETIME NOT NULL, PRIMARY KEY (`id`)) ENGINE=InnoDB;[39m (115ms)
2018-03-05 20:39:47,154 INFO 9412 [model] [35mSHOW INDEX FROM `users` FROM `egg`[39m (4ms)
2018-03-05 20:39:55,981 INFO 12112 [model] [35mSELECT VERSION() as `version`[39m (5ms)
2018-03-05 20:39:56,001 INFO 12112 [model] [35mSELECT 1+1 AS result[39m (3ms)
2018-03-05 20:39:56,064 INFO 12112 [model] [35mDROP TABLE IF EXISTS `users`;[39m (65ms)
2018-03-05 20:39:56,072 INFO 12112 [model] [35mDROP TABLE IF EXISTS `users`;[39m (4ms)
2018-03-05 20:39:56,198 INFO 12112 [model] [35mCREATE TABLE IF NOT EXISTS `users` (`id` INTEGER NOT NULL auto_increment , `name` VARCHAR(255), `created_at` DATETIME NOT NULL, `updated_at` DATETIME NOT NULL, PRIMARY KEY (`id`)) ENGINE=InnoDB;[39m (122ms)
2018-03-05 20:39:56,205 INFO 12112 [model] [35mSHOW INDEX FROM `users` FROM `egg`[39m (5ms)
2018-03-05 20:39:59,881 INFO 904 [model] [35mSELECT VERSION() as `version`[39m (5ms)
2018-03-05 20:39:59,905 INFO 904 [model] [35mSELECT 1+1 AS result[39m (3ms)
2018-03-05 20:40:00,007 INFO 904 [model] [35mDROP TABLE IF EXISTS `users`;[39m (105ms)
2018-03-05 20:40:00,013 INFO 904 [model] [35mDROP TABLE IF EXISTS `users`;[39m (3ms)
2018-03-05 20:40:00,232 INFO 904 [model] [35mCREATE TABLE IF NOT EXISTS `users` (`id` INTEGER NOT NULL auto_increment , `name` VARCHAR(255), `created_at` DATETIME NOT NULL, `updated_at` DATETIME NOT NULL, PRIMARY KEY (`id`)) ENGINE=InnoDB;[39m (215ms)
2018-03-05 20:40:00,240 INFO 904 [model] [35mSHOW INDEX FROM `users` FROM `egg`[39m (5ms)
2018-03-05 20:40:04,485 INFO 8104 [model] [35mSELECT VERSION() as `version`[39m (5ms)
2018-03-05 20:40:04,505 INFO 8104 [model] [35mSELECT 1+1 AS result[39m (3ms)
2018-03-05 20:40:04,574 INFO 8104 [model] [35mDROP TABLE IF EXISTS `users`;[39m (72ms)
2018-03-05 20:40:04,581 INFO 8104 [model] [35mDROP TABLE IF EXISTS `users`;[39m (3ms)
2018-03-05 20:40:04,708 INFO 8104 [model] [35mCREATE TABLE IF NOT EXISTS `users` (`id` INTEGER NOT NULL auto_increment , `name` VARCHAR(255), `created_at` DATETIME NOT NULL, `updated_at` DATETIME NOT NULL, PRIMARY KEY (`id`)) ENGINE=InnoDB;[39m (123ms)
2018-03-05 20:40:04,714 INFO 8104 [model] [35mSHOW INDEX FROM `users` FROM `egg`[39m (4ms)
2018-03-05 20:40:13,399 INFO 14352 [model] [35mSELECT VERSION() as `version`[39m (5ms)
2018-03-05 20:40:13,420 INFO 14352 [model] [35mSELECT 1+1 AS result[39m (3ms)
2018-03-05 20:40:13,491 INFO 14352 [model] [35mDROP TABLE IF EXISTS `users`;[39m (73ms)
2018-03-05 20:40:13,498 INFO 14352 [model] [35mDROP TABLE IF EXISTS `users`;[39m (3ms)
2018-03-05 20:40:13,617 INFO 14352 [model] [35mCREATE TABLE IF NOT EXISTS `users` (`id` INTEGER NOT NULL auto_increment , `name` VARCHAR(255), `created_at` DATETIME NOT NULL, `updated_at` DATETIME NOT NULL, PRIMARY KEY (`id`)) ENGINE=InnoDB;[39m (114ms)
2018-03-05 20:40:13,624 INFO 14352 [model] [35mSHOW INDEX FROM `users` FROM `egg`[39m (4ms)
2018-03-05 20:40:16,768 INFO 1048 [model] [35mSELECT VERSION() as `version`[39m (6ms)
2018-03-05 20:40:16,792 INFO 1048 [model] [35mSELECT 1+1 AS result[39m (3ms)
2018-03-05 20:40:16,834 INFO 1048 [model] [35mDROP TABLE IF EXISTS `users`;[39m (45ms)
2018-03-05 20:40:16,841 INFO 1048 [model] [35mDROP TABLE IF EXISTS `users`;[39m (3ms)
2018-03-05 20:40:16,975 INFO 1048 [model] [35mCREATE TABLE IF NOT EXISTS `users` (`id` INTEGER NOT NULL auto_increment , `name` VARCHAR(255), `created_at` DATETIME NOT NULL, `updated_at` DATETIME NOT NULL, PRIMARY KEY (`id`)) ENGINE=InnoDB;[39m (128ms)
2018-03-05 20:40:16,982 INFO 1048 [model] [35mSHOW INDEX FROM `users` FROM `egg`[39m (5ms)
2018-03-05 20:40:21,638 INFO 8108 [model] [35mSELECT VERSION() as `version`[39m (5ms)
2018-03-05 20:40:21,661 INFO 8108 [model] [35mSELECT 1+1 AS result[39m (4ms)
2018-03-05 20:40:21,717 INFO 8108 [model] [35mDROP TABLE IF EXISTS `users`;[39m (59ms)
2018-03-05 20:40:21,724 INFO 8108 [model] [35mDROP TABLE IF EXISTS `users`;[39m (2ms)
2018-03-05 20:40:21,851 INFO 8108 [model] [35mCREATE TABLE IF NOT EXISTS `users` (`id` INTEGER NOT NULL auto_increment , `name` VARCHAR(255), `created_at` DATETIME NOT NULL, `updated_at` DATETIME NOT NULL, PRIMARY KEY (`id`)) ENGINE=InnoDB;[39m (123ms)
2018-03-05 20:40:21,857 INFO 8108 [model] [35mSHOW INDEX FROM `users` FROM `egg`[39m (4ms)
2018-03-05 20:40:30,332 INFO 13404 [model] [35mSELECT VERSION() as `version`[39m (4ms)
2018-03-05 20:40:30,354 INFO 13404 [model] [35mSELECT 1+1 AS result[39m (3ms)
2018-03-05 20:40:30,418 INFO 13404 [model] [35mDROP TABLE IF EXISTS `users`;[39m (68ms)
2018-03-05 20:40:30,425 INFO 13404 [model] [35mDROP TABLE IF EXISTS `users`;[39m (3ms)
2018-03-05 20:40:30,577 INFO 13404 [model] [35mCREATE TABLE IF NOT EXISTS `users` (`id` INTEGER NOT NULL auto_increment , `name` VARCHAR(255), `created_at` DATETIME NOT NULL, `updated_at` DATETIME NOT NULL, PRIMARY KEY (`id`)) ENGINE=InnoDB;[39m (148ms)
2018-03-05 20:40:30,583 INFO 13404 [model] [35mSHOW INDEX FROM `users` FROM `egg`[39m (4ms)
2018-03-05 20:40:55,231 INFO 2828 [model] [35mSELECT VERSION() as `version`[39m (5ms)
2018-03-05 20:40:55,369 INFO 2828 [model] [35mSELECT 1+1 AS result[39m (3ms)
2018-03-05 20:40:55,522 INFO 2828 [model] [35mDROP TABLE IF EXISTS `users`;[39m (156ms)
2018-03-05 20:40:55,529 INFO 2828 [model] [35mDROP TABLE IF EXISTS `users`;[39m (2ms)
2018-03-05 20:40:55,678 INFO 2828 [model] [35mCREATE TABLE IF NOT EXISTS `users` (`id` INTEGER NOT NULL auto_increment , `name` VARCHAR(255), `created_at` DATETIME NOT NULL, `updated_at` DATETIME NOT NULL, PRIMARY KEY (`id`)) ENGINE=InnoDB;[39m (146ms)
2018-03-05 20:40:55,685 INFO 2828 [model] [35mSHOW INDEX FROM `users` FROM `egg`[39m (4ms)
2018-03-05 20:40:58,667 INFO 13368 [model] [35mSELECT VERSION() as `version`[39m (5ms)
2018-03-05 20:40:58,686 INFO 13368 [model] [35mSELECT 1+1 AS result[39m (3ms)
2018-03-05 20:40:58,736 INFO 13368 [model] [35mDROP TABLE IF EXISTS `users`;[39m (53ms)
2018-03-05 20:40:58,742 INFO 13368 [model] [35mDROP TABLE IF EXISTS `users`;[39m (2ms)
2018-03-05 20:40:58,852 INFO 13368 [model] [35mCREATE TABLE IF NOT EXISTS `users` (`id` INTEGER NOT NULL auto_increment , `name` VARCHAR(255), `created_at` DATETIME NOT NULL, `updated_at` DATETIME NOT NULL, PRIMARY KEY (`id`)) ENGINE=InnoDB;[39m (106ms)
2018-03-05 20:40:58,859 INFO 13368 [model] [35mSHOW INDEX FROM `users` FROM `egg`[39m (4ms)
2018-03-05 20:40:59,872 INFO 13568 [model] [35mSELECT VERSION() as `version`[39m (6ms)
2018-03-05 20:40:59,894 INFO 13568 [model] [35mSELECT 1+1 AS result[39m (3ms)
2018-03-05 20:40:59,945 INFO 13568 [model] [35mDROP TABLE IF EXISTS `users`;[39m (54ms)
2018-03-05 20:40:59,953 INFO 13568 [model] [35mDROP TABLE IF EXISTS `users`;[39m (3ms)
2018-03-05 20:41:00,079 INFO 13568 [model] [35mCREATE TABLE IF NOT EXISTS `users` (`id` INTEGER NOT NULL auto_increment , `name` VARCHAR(255), `created_at` DATETIME NOT NULL, `updated_at` DATETIME NOT NULL, PRIMARY KEY (`id`)) ENGINE=InnoDB;[39m (121ms)
2018-03-05 20:41:00,086 INFO 13568 [model] [35mSHOW INDEX FROM `users` FROM `egg`[39m (5ms)
2018-03-05 20:41:01,950 INFO 6096 [model] [35mSELECT VERSION() as `version`[39m (6ms)
2018-03-05 20:41:01,972 INFO 6096 [model] [35mSELECT 1+1 AS result[39m (3ms)
2018-03-05 20:41:02,019 INFO 6096 [model] [35mDROP TABLE IF EXISTS `users`;[39m (49ms)
2018-03-05 20:41:02,026 INFO 6096 [model] [35mDROP TABLE IF EXISTS `users`;[39m (3ms)
2018-03-05 20:41:02,154 INFO 6096 [model] [35mCREATE TABLE IF NOT EXISTS `users` (`id` INTEGER NOT NULL auto_increment , `name` VARCHAR(255), `created_at` DATETIME NOT NULL, `updated_at` DATETIME NOT NULL, PRIMARY KEY (`id`)) ENGINE=InnoDB;[39m (123ms)
2018-03-05 20:41:02,161 INFO 6096 [model] [35mSHOW INDEX FROM `users` FROM `egg`[39m (5ms)
2018-03-05 20:41:03,591 INFO 2032 [model] [35mSELECT VERSION() as `version`[39m (5ms)
2018-03-05 20:41:03,612 INFO 2032 [model] [35mSELECT 1+1 AS result[39m (3ms)
2018-03-05 20:41:03,662 INFO 2032 [model] [35mDROP TABLE IF EXISTS `users`;[39m (53ms)
2018-03-05 20:41:03,669 INFO 2032 [model] [35mDROP TABLE IF EXISTS `users`;[39m (2ms)
2018-03-05 20:41:03,796 INFO 2032 [model] [35mCREATE TABLE IF NOT EXISTS `users` (`id` INTEGER NOT NULL auto_increment , `name` VARCHAR(255), `created_at` DATETIME NOT NULL, `updated_at` DATETIME NOT NULL, PRIMARY KEY (`id`)) ENGINE=InnoDB;[39m (123ms)
2018-03-05 20:41:03,803 INFO 2032 [model] [35mSHOW INDEX FROM `users` FROM `egg`[39m (4ms)
2018-03-05 20:42:26,634 INFO 13416 [model] [35mSELECT VERSION() as `version`[39m (4ms)
2018-03-05 20:42:26,653 INFO 13416 [model] [35mSELECT 1+1 AS result[39m (3ms)
2018-03-05 20:42:26,720 INFO 13416 [model] [35mDROP TABLE IF EXISTS `users`;[39m (70ms)
2018-03-05 20:42:26,727 INFO 13416 [model] [35mDROP TABLE IF EXISTS `users`;[39m (2ms)
2018-03-05 20:42:26,854 INFO 13416 [model] [35mCREATE TABLE IF NOT EXISTS `users` (`id` INTEGER NOT NULL auto_increment , `name` VARCHAR(255), `created_at` DATETIME NOT NULL, `updated_at` DATETIME NOT NULL, PRIMARY KEY (`id`)) ENGINE=InnoDB;[39m (122ms)
2018-03-05 20:42:26,860 INFO 13416 [model] [35mSHOW INDEX FROM `users` FROM `egg`[39m (4ms)
2018-03-05 20:42:28,901 INFO 10736 [model] [35mSELECT VERSION() as `version`[39m (6ms)
2018-03-05 20:42:28,922 INFO 10736 [model] [35mSELECT 1+1 AS result[39m (3ms)
2018-03-05 20:42:28,971 INFO 10736 [model] [35mDROP TABLE IF EXISTS `users`;[39m (52ms)
2018-03-05 20:42:28,977 INFO 10736 [model] [35mDROP TABLE IF EXISTS `users`;[39m (3ms)
2018-03-05 20:42:29,105 INFO 10736 [model] [35mCREATE TABLE IF NOT EXISTS `users` (`id` INTEGER NOT NULL auto_increment , `name` VARCHAR(255), `created_at` DATETIME NOT NULL, `updated_at` DATETIME NOT NULL, PRIMARY KEY (`id`)) ENGINE=InnoDB;[39m (123ms)
2018-03-05 20:42:29,112 INFO 10736 [model] [35mSHOW INDEX FROM `users` FROM `egg`[39m (5ms)
2018-03-05 20:42:37,080 INFO 1644 [model] [35mSELECT VERSION() as `version`[39m (5ms)
2018-03-05 20:42:37,106 INFO 1644 [model] [35mSELECT 1+1 AS result[39m (3ms)
2018-03-05 20:42:37,172 INFO 1644 [model] [35mDROP TABLE IF EXISTS `users`;[39m (68ms)
2018-03-05 20:42:37,179 INFO 1644 [model] [35mDROP TABLE IF EXISTS `users`;[39m (3ms)
2018-03-05 20:42:37,330 INFO 1644 [model] [35mCREATE TABLE IF NOT EXISTS `users` (`id` INTEGER NOT NULL auto_increment , `name` VARCHAR(255), `created_at` DATETIME NOT NULL, `updated_at` DATETIME NOT NULL, PRIMARY KEY (`id`)) ENGINE=InnoDB;[39m (146ms)
2018-03-05 20:42:37,337 INFO 1644 [model] [35mSHOW INDEX FROM `users` FROM `egg`[39m (4ms)
2018-03-05 20:42:38,724 INFO 12436 [model] [35mSELECT VERSION() as `version`[39m (5ms)
2018-03-05 20:42:38,745 INFO 12436 [model] [35mSELECT 1+1 AS result[39m (3ms)
2018-03-05 20:42:38,796 INFO 12436 [model] [35mDROP TABLE IF EXISTS `users`;[39m (54ms)
2018-03-05 20:42:38,804 INFO 12436 [model] [35mDROP TABLE IF EXISTS `users`;[39m (3ms)
2018-03-05 20:42:38,930 INFO 12436 [model] [35mCREATE TABLE IF NOT EXISTS `users` (`id` INTEGER NOT NULL auto_increment , `name` VARCHAR(255), `created_at` DATETIME NOT NULL, `updated_at` DATETIME NOT NULL, PRIMARY KEY (`id`)) ENGINE=InnoDB;[39m (122ms)
2018-03-05 20:42:38,937 INFO 12436 [model] [35mSHOW INDEX FROM `users` FROM `egg`[39m (4ms)
2018-03-05 20:42:48,314 INFO 872 [model] [35mSELECT VERSION() as `version`[39m (6ms)
2018-03-05 20:42:48,334 INFO 872 [model] [35mSELECT 1+1 AS result[39m (3ms)
2018-03-05 20:42:48,398 INFO 872 [model] [35mDROP TABLE IF EXISTS `users`;[39m (66ms)
2018-03-05 20:42:48,405 INFO 872 [model] [35mDROP TABLE IF EXISTS `users`;[39m (3ms)
2018-03-05 20:42:48,531 INFO 872 [model] [35mCREATE TABLE IF NOT EXISTS `users` (`id` INTEGER NOT NULL auto_increment , `name` VARCHAR(255), `created_at` DATETIME NOT NULL, `updated_at` DATETIME NOT NULL, PRIMARY KEY (`id`)) ENGINE=InnoDB;[39m (121ms)
2018-03-05 20:42:48,539 INFO 872 [model] [35mSHOW INDEX FROM `users` FROM `egg`[39m (5ms)
2018-03-05 20:42:52,234 INFO 10712 [model] [35mSELECT VERSION() as `version`[39m (5ms)
2018-03-05 20:42:52,255 INFO 10712 [model] [35mSELECT 1+1 AS result[39m (3ms)
2018-03-05 20:42:52,298 INFO 10712 [model] [35mDROP TABLE IF EXISTS `users`;[39m (46ms)
2018-03-05 20:42:52,304 INFO 10712 [model] [35mDROP TABLE IF EXISTS `users`;[39m (2ms)
2018-03-05 20:42:52,456 INFO 10712 [model] [35mCREATE TABLE IF NOT EXISTS `users` (`id` INTEGER NOT NULL auto_increment , `name` VARCHAR(255), `created_at` DATETIME NOT NULL, `updated_at` DATETIME NOT NULL, PRIMARY KEY (`id`)) ENGINE=InnoDB;[39m (147ms)
2018-03-05 20:42:52,464 INFO 10712 [model] [35mSHOW INDEX FROM `users` FROM `egg`[39m (6ms)
2018-03-05 20:43:01,697 INFO 11896 [model] [35mSELECT VERSION() as `version`[39m (5ms)
2018-03-05 20:43:01,716 INFO 11896 [model] [35mSELECT 1+1 AS result[39m (3ms)
2018-03-05 20:43:01,782 INFO 11896 [model] [35mDROP TABLE IF EXISTS `users`;[39m (67ms)
2018-03-05 20:43:01,789 INFO 11896 [model] [35mDROP TABLE IF EXISTS `users`;[39m (3ms)
2018-03-05 20:43:01,915 INFO 11896 [model] [35mCREATE TABLE IF NOT EXISTS `users` (`id` INTEGER NOT NULL auto_increment , `name` VARCHAR(255), `created_at` DATETIME NOT NULL, `updated_at` DATETIME NOT NULL, PRIMARY KEY (`id`)) ENGINE=InnoDB;[39m (122ms)
2018-03-05 20:43:01,923 INFO 11896 [model] [35mSHOW INDEX FROM `users` FROM `egg`[39m (5ms)
2018-03-05 20:43:03,656 INFO 2564 [model] [35mSELECT VERSION() as `version`[39m (5ms)
2018-03-05 20:43:03,677 INFO 2564 [model] [35mSELECT 1+1 AS result[39m (3ms)
2018-03-05 20:43:03,724 INFO 2564 [model] [35mDROP TABLE IF EXISTS `users`;[39m (49ms)
2018-03-05 20:43:03,731 INFO 2564 [model] [35mDROP TABLE IF EXISTS `users`;[39m (3ms)
2018-03-05 20:43:03,950 INFO 2564 [model] [35mCREATE TABLE IF NOT EXISTS `users` (`id` INTEGER NOT NULL auto_increment , `name` VARCHAR(255), `created_at` DATETIME NOT NULL, `updated_at` DATETIME NOT NULL, PRIMARY KEY (`id`)) ENGINE=InnoDB;[39m (214ms)
2018-03-05 20:43:03,957 INFO 2564 [model] [35mSHOW INDEX FROM `users` FROM `egg`[39m (4ms)
2018-03-05 20:43:12,082 INFO 8536 [model] [35mSELECT VERSION() as `version`[39m (7ms)
2018-03-05 20:43:12,108 INFO 8536 [model] [35mSELECT 1+1 AS result[39m (5ms)
2018-03-05 20:43:12,226 INFO 8536 [model] [35mDROP TABLE IF EXISTS `users`;[39m (123ms)
2018-03-05 20:43:12,233 INFO 8536 [model] [35mDROP TABLE IF EXISTS `users`;[39m (2ms)
2018-03-05 20:43:12,359 INFO 8536 [model] [35mCREATE TABLE IF NOT EXISTS `users` (`id` INTEGER NOT NULL auto_increment , `name` VARCHAR(255), `created_at` DATETIME NOT NULL, `updated_at` DATETIME NOT NULL, PRIMARY KEY (`id`)) ENGINE=InnoDB;[39m (121ms)
2018-03-05 20:43:12,366 INFO 8536 [model] [35mSHOW INDEX FROM `users` FROM `egg`[39m (4ms)
2018-03-05 20:43:14,714 INFO 14400 [model] [35mSELECT VERSION() as `version`[39m (5ms)
2018-03-05 20:43:14,734 INFO 14400 [model] [35mSELECT 1+1 AS result[39m (2ms)
2018-03-05 20:43:14,785 INFO 14400 [model] [35mDROP TABLE IF EXISTS `users`;[39m (53ms)
2018-03-05 20:43:14,792 INFO 14400 [model] [35mDROP TABLE IF EXISTS `users`;[39m (3ms)
2018-03-05 20:43:14,919 INFO 14400 [model] [35mCREATE TABLE IF NOT EXISTS `users` (`id` INTEGER NOT NULL auto_increment , `name` VARCHAR(255), `created_at` DATETIME NOT NULL, `updated_at` DATETIME NOT NULL, PRIMARY KEY (`id`)) ENGINE=InnoDB;[39m (121ms)
2018-03-05 20:43:14,925 INFO 14400 [model] [35mSHOW INDEX FROM `users` FROM `egg`[39m (4ms)
2018-03-05 20:43:19,791 INFO 9872 [model] [35mSELECT VERSION() as `version`[39m (5ms)
2018-03-05 20:43:19,813 INFO 9872 [model] [35mSELECT 1+1 AS result[39m (3ms)
2018-03-05 20:43:19,877 INFO 9872 [model] [35mDROP TABLE IF EXISTS `users`;[39m (68ms)
2018-03-05 20:43:19,883 INFO 9872 [model] [35mDROP TABLE IF EXISTS `users`;[39m (2ms)
2018-03-05 20:43:20,011 INFO 9872 [model] [35mCREATE TABLE IF NOT EXISTS `users` (`id` INTEGER NOT NULL auto_increment , `name` VARCHAR(255), `created_at` DATETIME NOT NULL, `updated_at` DATETIME NOT NULL, PRIMARY KEY (`id`)) ENGINE=InnoDB;[39m (123ms)
2018-03-05 20:43:20,018 INFO 9872 [model] [35mSHOW INDEX FROM `users` FROM `egg`[39m (4ms)
2018-03-05 20:43:31,676 INFO 820 [model] [35mSELECT VERSION() as `version`[39m (4ms)
2018-03-05 20:43:31,695 INFO 820 [model] [35mSELECT 1+1 AS result[39m (3ms)
2018-03-05 20:43:31,744 INFO 820 [model] [35mDROP TABLE IF EXISTS `users`;[39m (51ms)
2018-03-05 20:43:31,751 INFO 820 [model] [35mDROP TABLE IF EXISTS `users`;[39m (3ms)
2018-03-05 20:43:31,877 INFO 820 [model] [35mCREATE TABLE IF NOT EXISTS `users` (`id` INTEGER NOT NULL auto_increment , `name` VARCHAR(255), `created_at` DATETIME NOT NULL, `updated_at` DATETIME NOT NULL, PRIMARY KEY (`id`)) ENGINE=InnoDB;[39m (122ms)
2018-03-05 20:43:31,884 INFO 820 [model] [35mSHOW INDEX FROM `users` FROM `egg`[39m (4ms)
2018-03-05 20:43:34,746 INFO 14680 [model] [35mSELECT VERSION() as `version`[39m (5ms)
2018-03-05 20:43:34,766 INFO 14680 [model] [35mSELECT 1+1 AS result[39m (3ms)
2018-03-05 20:43:34,819 INFO 14680 [model] [35mDROP TABLE IF EXISTS `users`;[39m (55ms)
2018-03-05 20:43:34,827 INFO 14680 [model] [35mDROP TABLE IF EXISTS `users`;[39m (3ms)
2018-03-05 20:43:34,954 INFO 14680 [model] [35mCREATE TABLE IF NOT EXISTS `users` (`id` INTEGER NOT NULL auto_increment , `name` VARCHAR(255), `created_at` DATETIME NOT NULL, `updated_at` DATETIME NOT NULL, PRIMARY KEY (`id`)) ENGINE=InnoDB;[39m (122ms)
2018-03-05 20:43:34,960 INFO 14680 [model] [35mSHOW INDEX FROM `users` FROM `egg`[39m (5ms)
2018-03-05 20:43:39,185 INFO 7132 [model] [35mSELECT VERSION() as `version`[39m (5ms)
2018-03-05 20:43:39,204 INFO 7132 [model] [35mSELECT 1+1 AS result[39m (3ms)
2018-03-05 20:43:39,270 INFO 7132 [model] [35mDROP TABLE IF EXISTS `users`;[39m (68ms)
2018-03-05 20:43:39,276 INFO 7132 [model] [35mDROP TABLE IF EXISTS `users`;[39m (2ms)
2018-03-05 20:43:39,403 INFO 7132 [model] [35mCREATE TABLE IF NOT EXISTS `users` (`id` INTEGER NOT NULL auto_increment , `name` VARCHAR(255), `created_at` DATETIME NOT NULL, `updated_at` DATETIME NOT NULL, PRIMARY KEY (`id`)) ENGINE=InnoDB;[39m (122ms)
2018-03-05 20:43:39,410 INFO 7132 [model] [35mSHOW INDEX FROM `users` FROM `egg`[39m (5ms)
2018-03-05 20:43:40,839 INFO 15144 [model] [35mSELECT VERSION() as `version`[39m (5ms)
2018-03-05 20:43:40,861 INFO 15144 [model] [35mSELECT 1+1 AS result[39m (3ms)
2018-03-05 20:43:40,912 INFO 15144 [model] [35mDROP TABLE IF EXISTS `users`;[39m (54ms)
2018-03-05 20:43:40,919 INFO 15144 [model] [35mDROP TABLE IF EXISTS `users`;[39m (2ms)
2018-03-05 20:43:41,038 INFO 15144 [model] [35mCREATE TABLE IF NOT EXISTS `users` (`id` INTEGER NOT NULL auto_increment , `name` VARCHAR(255), `created_at` DATETIME NOT NULL, `updated_at` DATETIME NOT NULL, PRIMARY KEY (`id`)) ENGINE=InnoDB;[39m (115ms)
2018-03-05 20:43:41,045 INFO 15144 [model] [35mSHOW INDEX FROM `users` FROM `egg`[39m (4ms)
2018-03-05 20:43:46,267 INFO 14252 [model] [35mSELECT VERSION() as `version`[39m (4ms)
2018-03-05 20:43:46,287 INFO 14252 [model] [35mSELECT 1+1 AS result[39m (3ms)
2018-03-05 20:43:46,355 INFO 14252 [model] [35mDROP TABLE IF EXISTS `users`;[39m (71ms)
2018-03-05 20:43:46,361 INFO 14252 [model] [35mDROP TABLE IF EXISTS `users`;[39m (3ms)
2018-03-05 20:43:46,480 INFO 14252 [model] [35mCREATE TABLE IF NOT EXISTS `users` (`id` INTEGER NOT NULL auto_increment , `name` VARCHAR(255), `created_at` DATETIME NOT NULL, `updated_at` DATETIME NOT NULL, PRIMARY KEY (`id`)) ENGINE=InnoDB;[39m (115ms)
2018-03-05 20:43:46,488 INFO 14252 [model] [35mSHOW INDEX FROM `users` FROM `egg`[39m (4ms)
2018-03-05 20:43:47,926 INFO 14652 [model] [35mSELECT VERSION() as `version`[39m (5ms)
2018-03-05 20:43:47,947 INFO 14652 [model] [35mSELECT 1+1 AS result[39m (3ms)
2018-03-05 20:43:47,997 INFO 14652 [model] [35mDROP TABLE IF EXISTS `users`;[39m (53ms)
2018-03-05 20:43:48,003 INFO 14652 [model] [35mDROP TABLE IF EXISTS `users`;[39m (3ms)
2018-03-05 20:43:48,123 INFO 14652 [model] [35mCREATE TABLE IF NOT EXISTS `users` (`id` INTEGER NOT NULL auto_increment , `name` VARCHAR(255), `created_at` DATETIME NOT NULL, `updated_at` DATETIME NOT NULL, PRIMARY KEY (`id`)) ENGINE=InnoDB;[39m (115ms)
2018-03-05 20:43:48,128 INFO 14652 [model] [35mSHOW INDEX FROM `users` FROM `egg`[39m (4ms)
2018-03-05 20:43:51,795 INFO 4132 [model] [35mSELECT VERSION() as `version`[39m (5ms)
2018-03-05 20:43:51,816 INFO 4132 [model] [35mSELECT 1+1 AS result[39m (3ms)
2018-03-05 20:43:51,964 INFO 4132 [model] [35mDROP TABLE IF EXISTS `users`;[39m (151ms)
2018-03-05 20:43:51,971 INFO 4132 [model] [35mDROP TABLE IF EXISTS `users`;[39m (3ms)
2018-03-05 20:43:52,115 INFO 4132 [model] [35mCREATE TABLE IF NOT EXISTS `users` (`id` INTEGER NOT NULL auto_increment , `name` VARCHAR(255), `created_at` DATETIME NOT NULL, `updated_at` DATETIME NOT NULL, PRIMARY KEY (`id`)) ENGINE=InnoDB;[39m (140ms)
2018-03-05 20:43:52,122 INFO 4132 [model] [35mSHOW INDEX FROM `users` FROM `egg`[39m (5ms)
2018-03-05 20:43:55,008 INFO 14668 [model] [35mSELECT VERSION() as `version`[39m (5ms)
2018-03-05 20:43:55,030 INFO 14668 [model] [35mSELECT 1+1 AS result[39m (3ms)
2018-03-05 20:43:55,082 INFO 14668 [model] [35mDROP TABLE IF EXISTS `users`;[39m (55ms)
2018-03-05 20:43:55,088 INFO 14668 [model] [35mDROP TABLE IF EXISTS `users`;[39m (2ms)
2018-03-05 20:43:55,239 INFO 14668 [model] [35mCREATE TABLE IF NOT EXISTS `users` (`id` INTEGER NOT NULL auto_increment , `name` VARCHAR(255), `created_at` DATETIME NOT NULL, `updated_at` DATETIME NOT NULL, PRIMARY KEY (`id`)) ENGINE=InnoDB;[39m (146ms)
2018-03-05 20:43:55,246 INFO 14668 [model] [35mSHOW INDEX FROM `users` FROM `egg`[39m (5ms)
2018-03-05 20:43:58,054 INFO 8120 [model] [35mSELECT VERSION() as `version`[39m (7ms)
2018-03-05 20:43:58,075 INFO 8120 [model] [35mSELECT 1+1 AS result[39m (4ms)
2018-03-05 20:43:58,123 INFO 8120 [model] [35mDROP TABLE IF EXISTS `users`;[39m (51ms)
2018-03-05 20:43:58,130 INFO 8120 [model] [35mDROP TABLE IF EXISTS `users`;[39m (2ms)
2018-03-05 20:43:58,283 INFO 8120 [model] [35mCREATE TABLE IF NOT EXISTS `users` (`id` INTEGER NOT NULL auto_increment , `name` VARCHAR(255), `created_at` DATETIME NOT NULL, `updated_at` DATETIME NOT NULL, PRIMARY KEY (`id`)) ENGINE=InnoDB;[39m (148ms)
2018-03-05 20:43:58,290 INFO 8120 [model] [35mSHOW INDEX FROM `users` FROM `egg`[39m (5ms)
2018-03-05 20:44:04,436 INFO 10316 [model] [35mSELECT VERSION() as `version`[39m (5ms)
2018-03-05 20:44:04,458 INFO 10316 [model] [35mSELECT 1+1 AS result[39m (4ms)
2018-03-05 20:44:04,516 INFO 10316 [model] [35mDROP TABLE IF EXISTS `users`;[39m (60ms)
2018-03-05 20:44:04,522 INFO 10316 [model] [35mDROP TABLE IF EXISTS `users`;[39m (2ms)
2018-03-05 20:44:04,633 INFO 10316 [model] [35mCREATE TABLE IF NOT EXISTS `users` (`id` INTEGER NOT NULL auto_increment , `name` VARCHAR(255), `created_at` DATETIME NOT NULL, `updated_at` DATETIME NOT NULL, PRIMARY KEY (`id`)) ENGINE=InnoDB;[39m (106ms)
2018-03-05 20:44:04,639 INFO 10316 [model] [35mSHOW INDEX FROM `users` FROM `egg`[39m (4ms)
2018-03-05 20:44:08,826 INFO 9156 [model] [35mSELECT VERSION() as `version`[39m (8ms)
2018-03-05 20:44:08,852 INFO 9156 [model] [35mSELECT 1+1 AS result[39m (3ms)
2018-03-05 20:44:08,909 INFO 9156 [model] [35mDROP TABLE IF EXISTS `users`;[39m (60ms)
2018-03-05 20:44:08,915 INFO 9156 [model] [35mDROP TABLE IF EXISTS `users`;[39m (2ms)
2018-03-05 20:44:09,043 INFO 9156 [model] [35mCREATE TABLE IF NOT EXISTS `users` (`id` INTEGER NOT NULL auto_increment , `name` VARCHAR(255), `created_at` DATETIME NOT NULL, `updated_at` DATETIME NOT NULL, PRIMARY KEY (`id`)) ENGINE=InnoDB;[39m (122ms)
2018-03-05 20:44:09,050 INFO 9156 [model] [35mSHOW INDEX FROM `users` FROM `egg`[39m (5ms)
2018-03-05 20:44:14,920 INFO 14756 [model] [35mSELECT VERSION() as `version`[39m (5ms)
2018-03-05 20:44:15,063 INFO 14756 [model] [35mSELECT 1+1 AS result[39m (4ms)
2018-03-05 20:44:15,211 INFO 14756 [model] [35mDROP TABLE IF EXISTS `users`;[39m (151ms)
2018-03-05 20:44:15,218 INFO 14756 [model] [35mDROP TABLE IF EXISTS `users`;[39m (3ms)
2018-03-05 20:44:15,435 INFO 14756 [model] [35mCREATE TABLE IF NOT EXISTS `users` (`id` INTEGER NOT NULL auto_increment , `name` VARCHAR(255), `created_at` DATETIME NOT NULL, `updated_at` DATETIME NOT NULL, PRIMARY KEY (`id`)) ENGINE=InnoDB;[39m (213ms)
2018-03-05 20:44:15,442 INFO 14756 [model] [35mSHOW INDEX FROM `users` FROM `egg`[39m (4ms)
2018-03-05 20:44:24,074 INFO 3672 [model] [35mSELECT VERSION() as `version`[39m (6ms)
2018-03-05 20:44:24,095 INFO 3672 [model] [35mSELECT 1+1 AS result[39m (3ms)
2018-03-05 20:44:24,161 INFO 3672 [model] [35mDROP TABLE IF EXISTS `users`;[39m (69ms)
2018-03-05 20:44:24,167 INFO 3672 [model] [35mDROP TABLE IF EXISTS `users`;[39m (2ms)
2018-03-05 20:44:24,294 INFO 3672 [model] [35mCREATE TABLE IF NOT EXISTS `users` (`id` INTEGER NOT NULL auto_increment , `name` VARCHAR(255), `created_at` DATETIME NOT NULL, `updated_at` DATETIME NOT NULL, PRIMARY KEY (`id`)) ENGINE=InnoDB;[39m (122ms)
2018-03-05 20:44:24,301 INFO 3672 [model] [35mSHOW INDEX FROM `users` FROM `egg`[39m (5ms)
2018-03-05 20:44:27,281 INFO 9672 [model] [35mSELECT VERSION() as `version`[39m (5ms)
2018-03-05 20:44:27,305 INFO 9672 [model] [35mSELECT 1+1 AS result[39m (3ms)
2018-03-05 20:44:27,352 INFO 9672 [model] [35mDROP TABLE IF EXISTS `users`;[39m (49ms)
2018-03-05 20:44:27,359 INFO 9672 [model] [35mDROP TABLE IF EXISTS `users`;[39m (2ms)
2018-03-05 20:44:27,486 INFO 9672 [model] [35mCREATE TABLE IF NOT EXISTS `users` (`id` INTEGER NOT NULL auto_increment , `name` VARCHAR(255), `created_at` DATETIME NOT NULL, `updated_at` DATETIME NOT NULL, PRIMARY KEY (`id`)) ENGINE=InnoDB;[39m (121ms)
2018-03-05 20:44:27,492 INFO 9672 [model] [35mSHOW INDEX FROM `users` FROM `egg`[39m (4ms)
2018-03-05 20:44:29,129 INFO 12436 [model] [35mSELECT VERSION() as `version`[39m (5ms)
2018-03-05 20:44:29,149 INFO 12436 [model] [35mSELECT 1+1 AS result[39m (3ms)
2018-03-05 20:44:29,203 INFO 12436 [model] [35mDROP TABLE IF EXISTS `users`;[39m (56ms)
2018-03-05 20:44:29,209 INFO 12436 [model] [35mDROP TABLE IF EXISTS `users`;[39m (2ms)
2018-03-05 20:44:29,328 INFO 12436 [model] [35mCREATE TABLE IF NOT EXISTS `users` (`id` INTEGER NOT NULL auto_increment , `name` VARCHAR(255), `created_at` DATETIME NOT NULL, `updated_at` DATETIME NOT NULL, PRIMARY KEY (`id`)) ENGINE=InnoDB;[39m (115ms)
2018-03-05 20:44:29,335 INFO 12436 [model] [35mSHOW INDEX FROM `users` FROM `egg`[39m (5ms)
2018-03-13 15:55:05,405 INFO 3000 [model] [35mSELECT VERSION() as `version`[39m (3ms)
2018-03-13 15:55:05,415 INFO 3000 [model] [35mSELECT 1+1 AS result[39m (1ms)
2018-03-13 15:56:04,743 INFO 14996 [model] [35mSELECT VERSION() as `version`[39m (5ms)
2018-03-13 15:56:04,756 INFO 14996 [model] [35mSELECT 1+1 AS result[39m (1ms)
2018-03-13 15:56:14,121 INFO 8560 [model] [35mSELECT VERSION() as `version`[39m (6ms)
2018-03-13 15:56:14,142 INFO 8560 [model] [35mSELECT 1+1 AS result[39m (4ms)
2018-03-13 15:56:15,960 INFO 17732 [model] [35mSELECT VERSION() as `version`[39m (4ms)
2018-03-13 15:56:15,978 INFO 17732 [model] [35mSELECT 1+1 AS result[39m (2ms)
2018-03-13 15:57:37,047 INFO 17708 [model] [35mSELECT VERSION() as `version`[39m (4ms)
2018-03-13 15:57:37,065 INFO 17708 [model] [35mSELECT 1+1 AS result[39m (2ms)
2018-03-13 16:47:39,264 INFO 15328 [model] [35mSELECT VERSION() as `version`[39m (3ms)
2018-03-13 16:47:39,278 INFO 15328 [model] [35mSELECT 1+1 AS result[39m (1ms)
2018-03-13 16:47:39,280 INFO 15328 [model] [35mDROP TABLE IF EXISTS `users`;[39m (3ms)
2018-03-13 16:47:39,283 INFO 15328 [model] [35mDROP TABLE IF EXISTS `access_tokens`;[39m (1ms)
2018-03-13 16:47:39,286 INFO 15328 [model] [35mDROP TABLE IF EXISTS `access_tokens`;[39m (1ms)
2018-03-13 16:47:39,319 INFO 15328 [model] [35mCREATE TABLE IF NOT EXISTS `access_tokens` (`id` INTEGER auto_increment , `access_token` VARCHAR(255) NOT NULL UNIQUE, `expirs_in` INTEGER NOT NULL, `created_at` DATETIME NOT NULL, `updated_at` DATETIME NOT NULL, PRIMARY KEY (`id`)) ENGINE=InnoDB;[39m (30ms)
2018-03-13 16:47:39,328 INFO 15328 [model] [35mSHOW INDEX FROM `access_tokens` FROM `egg`[39m (7ms)
2018-03-13 16:47:39,331 INFO 15328 [model] [35mDROP TABLE IF EXISTS `users`;[39m (1ms)
2018-03-13 16:47:39,353 INFO 15328 [model] [35mCREATE TABLE IF NOT EXISTS `users` (`id` INTEGER NOT NULL auto_increment , `name` VARCHAR(255), `created_at` DATETIME NOT NULL, `updated_at` DATETIME NOT NULL, PRIMARY KEY (`id`)) ENGINE=InnoDB;[39m (20ms)
2018-03-13 16:47:39,357 INFO 15328 [model] [35mSHOW INDEX FROM `users` FROM `egg`[39m (2ms)
